1758203088.240234 client started (1846): version next-3.6, socket /tmp/tmux-9785677/default, protocol 8
1758203088.240275 on Linux 5.10.240-218.966.amzn2int.aarch64 #1 SMP Tue Aug 26 16:58:03 UTC 2025
1758203088.240285 using libevent 2.0.21-stable poll
1758203088.240293 using ncurses 6.0 20170212
1758203088.240324 flags are 0x18010000
1758203088.240331 socket is /tmp/tmux-9785677/default
1758203088.240344 trying connect
1758203088.240377 add peer 0xef9b1b0: 6 ((nil))
1758203088.240729 sending message 111 to peer 0xef9b1b0 (8 bytes)
1758203088.240746 sending message 111 to peer 0xef9b1b0 (8 bytes)
1758203088.240754 sending message 101 to peer 0xef9b1b0 (15 bytes)
1758203088.240762 sending message 109 to peer 0xef9b1b0 (4 bytes)
1758203088.240769 sending message 102 to peer 0xef9b1b0 (12 bytes)
1758203088.240776 sending message 108 to peer 0xef9b1b0 (47 bytes)
1758203088.240784 sending message 112 to peer 0xef9b1b0 (58 bytes)
1758203088.240792 sending message 112 to peer 0xef9b1b0 (5 bytes)
1758203088.240800 sending message 112 to peer 0xef9b1b0 (5 bytes)
1758203088.240807 sending message 112 to peer 0xef9b1b0 (6 bytes)
1758203088.240814 sending message 112 to peer 0xef9b1b0 (6 bytes)
1758203088.240821 sending message 112 to peer 0xef9b1b0 (11 bytes)
1758203088.240828 sending message 112 to peer 0xef9b1b0 (10 bytes)
1758203088.240835 sending message 112 to peer 0xef9b1b0 (13 bytes)
1758203088.240842 sending message 112 to peer 0xef9b1b0 (14 bytes)
1758203088.240849 sending message 112 to peer 0xef9b1b0 (19 bytes)
1758203088.240857 sending message 112 to peer 0xef9b1b0 (11 bytes)
1758203088.240864 sending message 112 to peer 0xef9b1b0 (10 bytes)
1758203088.240871 sending message 112 to peer 0xef9b1b0 (15 bytes)
1758203088.240878 sending message 112 to peer 0xef9b1b0 (21 bytes)
1758203088.240885 sending message 112 to peer 0xef9b1b0 (13 bytes)
1758203088.240892 sending message 112 to peer 0xef9b1b0 (7 bytes)
1758203088.240899 sending message 112 to peer 0xef9b1b0 (13 bytes)
1758203088.240906 sending message 112 to peer 0xef9b1b0 (7 bytes)
1758203088.240913 sending message 112 to peer 0xef9b1b0 (13 bytes)
1758203088.240920 sending message 112 to peer 0xef9b1b0 (9 bytes)
1758203088.240927 sending message 112 to peer 0xef9b1b0 (21 bytes)
1758203088.240934 sending message 112 to peer 0xef9b1b0 (13 bytes)
1758203088.240941 sending message 112 to peer 0xef9b1b0 (9 bytes)
1758203088.240948 sending message 112 to peer 0xef9b1b0 (16 bytes)
1758203088.240955 sending message 112 to peer 0xef9b1b0 (13 bytes)
1758203088.240963 sending message 112 to peer 0xef9b1b0 (9 bytes)
1758203088.240970 sending message 112 to peer 0xef9b1b0 (9 bytes)
1758203088.240977 sending message 112 to peer 0xef9b1b0 (12 bytes)
1758203088.240984 sending message 112 to peer 0xef9b1b0 (8 bytes)
1758203088.240991 sending message 112 to peer 0xef9b1b0 (8 bytes)
1758203088.240998 sending message 112 to peer 0xef9b1b0 (13 bytes)
1758203088.241005 sending message 112 to peer 0xef9b1b0 (7 bytes)
1758203088.241012 sending message 112 to peer 0xef9b1b0 (7 bytes)
1758203088.241019 sending message 112 to peer 0xef9b1b0 (9 bytes)
1758203088.241026 sending message 112 to peer 0xef9b1b0 (9 bytes)
1758203088.241033 sending message 112 to peer 0xef9b1b0 (15 bytes)
1758203088.241040 sending message 112 to peer 0xef9b1b0 (13 bytes)
1758203088.241047 sending message 112 to peer 0xef9b1b0 (12 bytes)
1758203088.241055 sending message 112 to peer 0xef9b1b0 (8 bytes)
1758203088.241062 sending message 112 to peer 0xef9b1b0 (14 bytes)
1758203088.241069 sending message 112 to peer 0xef9b1b0 (11 bytes)
1758203088.241076 sending message 112 to peer 0xef9b1b0 (9 bytes)
1758203088.241083 sending message 112 to peer 0xef9b1b0 (10 bytes)
1758203088.241113 sending message 112 to peer 0xef9b1b0 (10 bytes)
1758203088.241122 sending message 112 to peer 0xef9b1b0 (10 bytes)
1758203088.241129 sending message 112 to peer 0xef9b1b0 (10 bytes)
1758203088.241136 sending message 112 to peer 0xef9b1b0 (11 bytes)
1758203088.241143 sending message 112 to peer 0xef9b1b0 (12 bytes)
1758203088.241150 sending message 112 to peer 0xef9b1b0 (12 bytes)
1758203088.241165 sending message 112 to peer 0xef9b1b0 (12 bytes)
1758203088.241173 sending message 112 to peer 0xef9b1b0 (12 bytes)
1758203088.241180 sending message 112 to peer 0xef9b1b0 (12 bytes)
1758203088.241187 sending message 112 to peer 0xef9b1b0 (11 bytes)
1758203088.241194 sending message 112 to peer 0xef9b1b0 (11 bytes)
1758203088.241201 sending message 112 to peer 0xef9b1b0 (12 bytes)
1758203088.241208 sending message 112 to peer 0xef9b1b0 (12 bytes)
1758203088.241215 sending message 112 to peer 0xef9b1b0 (12 bytes)
1758203088.241222 sending message 112 to peer 0xef9b1b0 (12 bytes)
1758203088.241229 sending message 112 to peer 0xef9b1b0 (12 bytes)
1758203088.241236 sending message 112 to peer 0xef9b1b0 (9 bytes)
1758203088.241244 sending message 112 to peer 0xef9b1b0 (12 bytes)
1758203088.241251 sending message 112 to peer 0xef9b1b0 (13 bytes)
1758203088.241258 sending message 112 to peer 0xef9b1b0 (13 bytes)
1758203088.241265 sending message 112 to peer 0xef9b1b0 (13 bytes)
1758203088.241272 sending message 112 to peer 0xef9b1b0 (13 bytes)
1758203088.241279 sending message 112 to peer 0xef9b1b0 (13 bytes)
1758203088.241286 sending message 112 to peer 0xef9b1b0 (8 bytes)
1758203088.241294 sending message 112 to peer 0xef9b1b0 (11 bytes)
1758203088.241301 sending message 112 to peer 0xef9b1b0 (11 bytes)
1758203088.241308 sending message 112 to peer 0xef9b1b0 (11 bytes)
1758203088.241315 sending message 112 to peer 0xef9b1b0 (12 bytes)
1758203088.241322 sending message 112 to peer 0xef9b1b0 (12 bytes)
1758203088.241329 sending message 112 to peer 0xef9b1b0 (12 bytes)
1758203088.241336 sending message 112 to peer 0xef9b1b0 (12 bytes)
1758203088.241343 sending message 112 to peer 0xef9b1b0 (13 bytes)
1758203088.241350 sending message 112 to peer 0xef9b1b0 (13 bytes)
1758203088.241357 sending message 112 to peer 0xef9b1b0 (13 bytes)
1758203088.241364 sending message 112 to peer 0xef9b1b0 (8 bytes)
1758203088.241372 sending message 112 to peer 0xef9b1b0 (13 bytes)
1758203088.241379 sending message 112 to peer 0xef9b1b0 (13 bytes)
1758203088.241386 sending message 112 to peer 0xef9b1b0 (13 bytes)
1758203088.241393 sending message 112 to peer 0xef9b1b0 (13 bytes)
1758203088.241400 sending message 112 to peer 0xef9b1b0 (13 bytes)
1758203088.241407 sending message 112 to peer 0xef9b1b0 (12 bytes)
1758203088.241414 sending message 112 to peer 0xef9b1b0 (12 bytes)
1758203088.241421 sending message 112 to peer 0xef9b1b0 (12 bytes)
1758203088.241428 sending message 112 to peer 0xef9b1b0 (12 bytes)
1758203088.241435 sending message 112 to peer 0xef9b1b0 (13 bytes)
1758203088.241442 sending message 112 to peer 0xef9b1b0 (8 bytes)
1758203088.241449 sending message 112 to peer 0xef9b1b0 (13 bytes)
1758203088.241456 sending message 112 to peer 0xef9b1b0 (13 bytes)
1758203088.241463 sending message 112 to peer 0xef9b1b0 (13 bytes)
1758203088.241470 sending message 112 to peer 0xef9b1b0 (13 bytes)
1758203088.241477 sending message 112 to peer 0xef9b1b0 (13 bytes)
1758203088.241485 sending message 112 to peer 0xef9b1b0 (13 bytes)
1758203088.241492 sending message 112 to peer 0xef9b1b0 (13 bytes)
1758203088.241499 sending message 112 to peer 0xef9b1b0 (12 bytes)
1758203088.241506 sending message 112 to peer 0xef9b1b0 (12 bytes)
1758203088.241513 sending message 112 to peer 0xef9b1b0 (12 bytes)
1758203088.241520 sending message 112 to peer 0xef9b1b0 (8 bytes)
1758203088.241527 sending message 112 to peer 0xef9b1b0 (12 bytes)
1758203088.241534 sending message 112 to peer 0xef9b1b0 (13 bytes)
1758203088.241541 sending message 112 to peer 0xef9b1b0 (13 bytes)
1758203088.241548 sending message 112 to peer 0xef9b1b0 (13 bytes)
1758203088.241555 sending message 112 to peer 0xef9b1b0 (13 bytes)
1758203088.241562 sending message 112 to peer 0xef9b1b0 (13 bytes)
1758203088.241569 sending message 112 to peer 0xef9b1b0 (13 bytes)
1758203088.241576 sending message 112 to peer 0xef9b1b0 (13 bytes)
1758203088.241583 sending message 112 to peer 0xef9b1b0 (13 bytes)
1758203088.241590 sending message 112 to peer 0xef9b1b0 (12 bytes)
1758203088.241603 sending message 112 to peer 0xef9b1b0 (10 bytes)
1758203088.241610 sending message 112 to peer 0xef9b1b0 (12 bytes)
1758203088.241618 sending message 112 to peer 0xef9b1b0 (12 bytes)
1758203088.241625 sending message 112 to peer 0xef9b1b0 (12 bytes)
1758203088.241632 sending message 112 to peer 0xef9b1b0 (13 bytes)
1758203088.241639 sending message 112 to peer 0xef9b1b0 (13 bytes)
1758203088.241646 sending message 112 to peer 0xef9b1b0 (13 bytes)
1758203088.241653 sending message 112 to peer 0xef9b1b0 (13 bytes)
1758203088.241660 sending message 112 to peer 0xef9b1b0 (13 bytes)
1758203088.241667 sending message 112 to peer 0xef9b1b0 (13 bytes)
1758203088.241674 sending message 112 to peer 0xef9b1b0 (13 bytes)
1758203088.241681 sending message 112 to peer 0xef9b1b0 (10 bytes)
1758203088.241688 sending message 112 to peer 0xef9b1b0 (13 bytes)
1758203088.241695 sending message 112 to peer 0xef9b1b0 (12 bytes)
1758203088.241702 sending message 112 to peer 0xef9b1b0 (12 bytes)
1758203088.241709 sending message 112 to peer 0xef9b1b0 (12 bytes)
1758203088.241716 sending message 112 to peer 0xef9b1b0 (10 bytes)
1758203088.241723 sending message 112 to peer 0xef9b1b0 (10 bytes)
1758203088.241730 sending message 112 to peer 0xef9b1b0 (10 bytes)
1758203088.241738 sending message 112 to peer 0xef9b1b0 (12 bytes)
1758203088.241745 sending message 112 to peer 0xef9b1b0 (13 bytes)
1758203088.241752 sending message 112 to peer 0xef9b1b0 (13 bytes)
1758203088.241759 sending message 112 to peer 0xef9b1b0 (13 bytes)
1758203088.241766 sending message 112 to peer 0xef9b1b0 (13 bytes)
1758203088.241773 sending message 112 to peer 0xef9b1b0 (13 bytes)
1758203088.241780 sending message 112 to peer 0xef9b1b0 (10 bytes)
1758203088.241787 sending message 112 to peer 0xef9b1b0 (11 bytes)
1758203088.241794 sending message 112 to peer 0xef9b1b0 (12 bytes)
1758203088.241801 sending message 112 to peer 0xef9b1b0 (12 bytes)
1758203088.241808 sending message 112 to peer 0xef9b1b0 (12 bytes)
1758203088.241815 sending message 112 to peer 0xef9b1b0 (12 bytes)
1758203088.241822 sending message 112 to peer 0xef9b1b0 (12 bytes)
1758203088.241829 sending message 112 to peer 0xef9b1b0 (11 bytes)
1758203088.241836 sending message 112 to peer 0xef9b1b0 (12 bytes)
1758203088.241843 sending message 112 to peer 0xef9b1b0 (12 bytes)
1758203088.241851 sending message 112 to peer 0xef9b1b0 (13 bytes)
1758203088.241858 sending message 112 to peer 0xef9b1b0 (13 bytes)
1758203088.241865 sending message 112 to peer 0xef9b1b0 (13 bytes)
1758203088.241872 sending message 112 to peer 0xef9b1b0 (13 bytes)
1758203088.241879 sending message 112 to peer 0xef9b1b0 (13 bytes)
1758203088.241886 sending message 112 to peer 0xef9b1b0 (10 bytes)
1758203088.241893 sending message 112 to peer 0xef9b1b0 (9 bytes)
1758203088.241900 sending message 112 to peer 0xef9b1b0 (12 bytes)
1758203088.241907 sending message 112 to peer 0xef9b1b0 (13 bytes)
1758203088.241914 sending message 112 to peer 0xef9b1b0 (13 bytes)
1758203088.241921 sending message 112 to peer 0xef9b1b0 (13 bytes)
1758203088.241928 sending message 112 to peer 0xef9b1b0 (13 bytes)
1758203088.241935 sending message 112 to peer 0xef9b1b0 (13 bytes)
1758203088.241942 sending message 112 to peer 0xef9b1b0 (9 bytes)
1758203088.241950 sending message 112 to peer 0xef9b1b0 (12 bytes)
1758203088.241957 sending message 112 to peer 0xef9b1b0 (13 bytes)
1758203088.241964 sending message 112 to peer 0xef9b1b0 (13 bytes)
1758203088.241971 sending message 112 to peer 0xef9b1b0 (13 bytes)
1758203088.241978 sending message 112 to peer 0xef9b1b0 (13 bytes)
1758203088.241985 sending message 112 to peer 0xef9b1b0 (13 bytes)
1758203088.241992 sending message 112 to peer 0xef9b1b0 (11 bytes)
1758203088.241999 sending message 112 to peer 0xef9b1b0 (12 bytes)
1758203088.242006 sending message 112 to peer 0xef9b1b0 (13 bytes)
1758203088.242013 sending message 112 to peer 0xef9b1b0 (13 bytes)
1758203088.242020 sending message 112 to peer 0xef9b1b0 (13 bytes)
1758203088.242027 sending message 112 to peer 0xef9b1b0 (13 bytes)
1758203088.242037 sending message 112 to peer 0xef9b1b0 (13 bytes)
1758203088.242045 sending message 112 to peer 0xef9b1b0 (11 bytes)
1758203088.242052 sending message 112 to peer 0xef9b1b0 (12 bytes)
1758203088.242059 sending message 112 to peer 0xef9b1b0 (12 bytes)
1758203088.242066 sending message 112 to peer 0xef9b1b0 (12 bytes)
1758203088.242073 sending message 112 to peer 0xef9b1b0 (12 bytes)
1758203088.242080 sending message 112 to peer 0xef9b1b0 (12 bytes)
1758203088.242087 sending message 112 to peer 0xef9b1b0 (21 bytes)
1758203088.242094 sending message 112 to peer 0xef9b1b0 (12 bytes)
1758203088.242101 sending message 112 to peer 0xef9b1b0 (9 bytes)
1758203088.242108 sending message 112 to peer 0xef9b1b0 (6 bytes)
1758203088.242115 sending message 112 to peer 0xef9b1b0 (13 bytes)
1758203088.242122 sending message 112 to peer 0xef9b1b0 (10 bytes)
1758203088.242129 sending message 112 to peer 0xef9b1b0 (15 bytes)
1758203088.242136 sending message 112 to peer 0xef9b1b0 (13 bytes)
1758203088.242152 sending message 112 to peer 0xef9b1b0 (9 bytes)
1758203088.242160 sending message 112 to peer 0xef9b1b0 (70 bytes)
1758203088.242167 sending message 112 to peer 0xef9b1b0 (69 bytes)
1758203088.242174 sending message 112 to peer 0xef9b1b0 (12 bytes)
1758203088.242181 sending message 112 to peer 0xef9b1b0 (10 bytes)
1758203088.242188 sending message 112 to peer 0xef9b1b0 (10 bytes)
1758203088.242195 sending message 112 to peer 0xef9b1b0 (15 bytes)
1758203088.242202 sending message 112 to peer 0xef9b1b0 (13 bytes)
1758203088.242210 sending message 112 to peer 0xef9b1b0 (10 bytes)
1758203088.242217 sending message 112 to peer 0xef9b1b0 (10 bytes)
1758203088.242224 sending message 112 to peer 0xef9b1b0 (13 bytes)
1758203088.242231 sending message 112 to peer 0xef9b1b0 (5 bytes)
1758203088.242238 sending message 112 to peer 0xef9b1b0 (15 bytes)
1758203088.242245 sending message 112 to peer 0xef9b1b0 (5 bytes)
1758203088.242256 sending message 104 to peer 0xef9b1b0 (0 bytes)
1758203088.242265 sending message 110 to peer 0xef9b1b0 (0 bytes)
1758203088.242272 sending message 107 to peer 0xef9b1b0 (4 bytes)
1758203088.242280 sending message 105 to peer 0xef9b1b0 (14 bytes)
1758203088.242287 sending message 105 to peer 0xef9b1b0 (17 bytes)
1758203088.242294 sending message 105 to peer 0xef9b1b0 (20 bytes)
1758203088.242301 sending message 105 to peer 0xef9b1b0 (460 bytes)
1758203088.242309 sending message 105 to peer 0xef9b1b0 (30 bytes)
1758203088.242316 sending message 105 to peer 0xef9b1b0 (15 bytes)
1758203088.242323 sending message 105 to peer 0xef9b1b0 (34 bytes)
1758203088.242330 sending message 105 to peer 0xef9b1b0 (52 bytes)
1758203088.242337 sending message 105 to peer 0xef9b1b0 (20 bytes)
1758203088.242344 sending message 105 to peer 0xef9b1b0 (20 bytes)
1758203088.242351 sending message 105 to peer 0xef9b1b0 (77 bytes)
1758203088.242358 sending message 105 to peer 0xef9b1b0 (54 bytes)
1758203088.242365 sending message 105 to peer 0xef9b1b0 (59 bytes)
1758203088.242372 sending message 105 to peer 0xef9b1b0 (31 bytes)
1758203088.242379 sending message 105 to peer 0xef9b1b0 (33 bytes)
1758203088.242386 sending message 105 to peer 0xef9b1b0 (35 bytes)
1758203088.242393 sending message 105 to peer 0xef9b1b0 (34 bytes)
1758203088.242400 sending message 105 to peer 0xef9b1b0 (35 bytes)
1758203088.242407 sending message 105 to peer 0xef9b1b0 (32 bytes)
1758203088.242414 sending message 105 to peer 0xef9b1b0 (35 bytes)
1758203088.242421 sending message 105 to peer 0xef9b1b0 (32 bytes)
1758203088.242428 sending message 105 to peer 0xef9b1b0 (33 bytes)
1758203088.242435 sending message 105 to peer 0xef9b1b0 (21 bytes)
1758203088.242442 sending message 105 to peer 0xef9b1b0 (34 bytes)
1758203088.242450 sending message 105 to peer 0xef9b1b0 (8 bytes)
1758203088.242457 sending message 105 to peer 0xef9b1b0 (51 bytes)
1758203088.242464 sending message 105 to peer 0xef9b1b0 (22 bytes)
1758203088.242471 sending message 105 to peer 0xef9b1b0 (39 bytes)
1758203088.242478 sending message 105 to peer 0xef9b1b0 (42 bytes)
1758203088.242485 sending message 105 to peer 0xef9b1b0 (43 bytes)
1758203088.242495 sending message 105 to peer 0xef9b1b0 (37 bytes)
1758203088.242502 sending message 105 to peer 0xef9b1b0 (39 bytes)
1758203088.242509 sending message 105 to peer 0xef9b1b0 (9 bytes)
1758203088.242517 sending message 105 to peer 0xef9b1b0 (13 bytes)
1758203088.242524 sending message 105 to peer 0xef9b1b0 (16 bytes)
1758203088.242531 sending message 105 to peer 0xef9b1b0 (35 bytes)
1758203088.242538 sending message 105 to peer 0xef9b1b0 (23 bytes)
1758203088.242545 sending message 105 to peer 0xef9b1b0 (59 bytes)
1758203088.242552 sending message 105 to peer 0xef9b1b0 (16 bytes)
1758203088.242559 sending message 105 to peer 0xef9b1b0 (1421 bytes)
1758203088.242580 sending message 105 to peer 0xef9b1b0 (36 bytes)
1758203088.242587 sending message 105 to peer 0xef9b1b0 (17 bytes)
1758203088.242594 sending message 105 to peer 0xef9b1b0 (35 bytes)
1758203088.242601 sending message 105 to peer 0xef9b1b0 (12 bytes)
1758203088.242609 sending message 105 to peer 0xef9b1b0 (12 bytes)
1758203088.242616 sending message 105 to peer 0xef9b1b0 (17 bytes)
1758203088.242623 sending message 105 to peer 0xef9b1b0 (11 bytes)
1758203088.242630 sending message 105 to peer 0xef9b1b0 (34 bytes)
1758203088.242637 sending message 105 to peer 0xef9b1b0 (54 bytes)
1758203088.242644 sending message 105 to peer 0xef9b1b0 (21 bytes)
1758203088.242651 sending message 105 to peer 0xef9b1b0 (54 bytes)
1758203088.242658 sending message 105 to peer 0xef9b1b0 (60 bytes)
1758203088.242665 sending message 105 to peer 0xef9b1b0 (43 bytes)
1758203088.242672 sending message 105 to peer 0xef9b1b0 (45 bytes)
1758203088.242679 sending message 105 to peer 0xef9b1b0 (44 bytes)
1758203088.242686 sending message 105 to peer 0xef9b1b0 (45 bytes)
1758203088.242693 sending message 105 to peer 0xef9b1b0 (41 bytes)
1758203088.242700 sending message 105 to peer 0xef9b1b0 (41 bytes)
1758203088.242707 sending message 105 to peer 0xef9b1b0 (38 bytes)
1758203088.242714 sending message 105 to peer 0xef9b1b0 (24 bytes)
1758203088.242721 sending message 105 to peer 0xef9b1b0 (44 bytes)
1758203088.242728 sending message 105 to peer 0xef9b1b0 (52 bytes)
1758203088.242735 sending message 105 to peer 0xef9b1b0 (54 bytes)
1758203088.242742 sending message 105 to peer 0xef9b1b0 (71 bytes)
1758203088.242750 sending message 105 to peer 0xef9b1b0 (64 bytes)
1758203088.242757 sending message 105 to peer 0xef9b1b0 (47 bytes)
1758203088.242764 sending message 105 to peer 0xef9b1b0 (43 bytes)
1758203088.242771 sending message 105 to peer 0xef9b1b0 (37 bytes)
1758203088.242778 sending message 105 to peer 0xef9b1b0 (55 bytes)
1758203088.242785 sending message 105 to peer 0xef9b1b0 (69 bytes)
1758203088.242792 sending message 105 to peer 0xef9b1b0 (40 bytes)
1758203088.242799 sending message 105 to peer 0xef9b1b0 (45 bytes)
1758203088.242806 sending message 105 to peer 0xef9b1b0 (56 bytes)
1758203088.242813 sending message 105 to peer 0xef9b1b0 (45 bytes)
1758203088.242820 sending message 105 to peer 0xef9b1b0 (47 bytes)
1758203088.242827 sending message 105 to peer 0xef9b1b0 (15 bytes)
1758203088.242834 sending message 105 to peer 0xef9b1b0 (37 bytes)
1758203088.242841 sending message 105 to peer 0xef9b1b0 (48 bytes)
1758203088.242848 sending message 105 to peer 0xef9b1b0 (50 bytes)
1758203088.242855 sending message 105 to peer 0xef9b1b0 (117 bytes)
1758203088.242862 sending message 105 to peer 0xef9b1b0 (118 bytes)
1758203088.242870 sending message 105 to peer 0xef9b1b0 (130 bytes)
1758203088.242877 sending message 105 to peer 0xef9b1b0 (116 bytes)
1758203088.242884 sending message 105 to peer 0xef9b1b0 (16 bytes)
1758203088.242891 sending message 105 to peer 0xef9b1b0 (25 bytes)
1758203088.242898 sending message 105 to peer 0xef9b1b0 (25 bytes)
1758203088.242905 sending message 105 to peer 0xef9b1b0 (21 bytes)
1758203088.242912 sending message 105 to peer 0xef9b1b0 (21 bytes)
1758203088.242919 sending message 105 to peer 0xef9b1b0 (28 bytes)
1758203088.242926 sending message 105 to peer 0xef9b1b0 (21 bytes)
1758203088.242933 sending message 105 to peer 0xef9b1b0 (25 bytes)
1758203088.242943 sending message 105 to peer 0xef9b1b0 (53 bytes)
1758203088.242951 sending message 105 to peer 0xef9b1b0 (17 bytes)
1758203088.242958 sending message 105 to peer 0xef9b1b0 (19 bytes)
1758203088.242965 sending message 105 to peer 0xef9b1b0 (418 bytes)
1758203088.242972 sending message 105 to peer 0xef9b1b0 (9 bytes)
1758203088.242979 sending message 105 to peer 0xef9b1b0 (38 bytes)
1758203088.242986 sending message 105 to peer 0xef9b1b0 (22 bytes)
1758203088.242993 sending message 105 to peer 0xef9b1b0 (31 bytes)
1758203088.243000 sending message 105 to peer 0xef9b1b0 (50 bytes)
1758203088.243007 sending message 105 to peer 0xef9b1b0 (37 bytes)
1758203088.243014 sending message 105 to peer 0xef9b1b0 (32 bytes)
1758203088.243021 sending message 105 to peer 0xef9b1b0 (13 bytes)
1758203088.243028 sending message 105 to peer 0xef9b1b0 (20 bytes)
1758203088.243035 sending message 105 to peer 0xef9b1b0 (25 bytes)
1758203088.243042 sending message 105 to peer 0xef9b1b0 (22 bytes)
1758203088.243049 sending message 105 to peer 0xef9b1b0 (26 bytes)
1758203088.243057 sending message 105 to peer 0xef9b1b0 (25 bytes)
1758203088.243064 sending message 105 to peer 0xef9b1b0 (29 bytes)
1758203088.243071 sending message 105 to peer 0xef9b1b0 (29 bytes)
1758203088.243078 sending message 105 to peer 0xef9b1b0 (26 bytes)
1758203088.243085 sending message 105 to peer 0xef9b1b0 (42 bytes)
1758203088.243092 sending message 105 to peer 0xef9b1b0 (20 bytes)
1758203088.243099 sending message 105 to peer 0xef9b1b0 (24 bytes)
1758203088.243106 sending message 105 to peer 0xef9b1b0 (68 bytes)
1758203088.243113 sending message 105 to peer 0xef9b1b0 (10 bytes)
1758203088.243120 sending message 105 to peer 0xef9b1b0 (49 bytes)
1758203088.243127 sending message 105 to peer 0xef9b1b0 (17 bytes)
1758203088.243134 sending message 105 to peer 0xef9b1b0 (15 bytes)
1758203088.243141 sending message 105 to peer 0xef9b1b0 (140 bytes)
1758203088.243148 sending message 105 to peer 0xef9b1b0 (267 bytes)
1758203088.243155 sending message 105 to peer 0xef9b1b0 (342 bytes)
1758203088.243163 sending message 105 to peer 0xef9b1b0 (48 bytes)
1758203088.243170 sending message 105 to peer 0xef9b1b0 (20 bytes)
1758203088.243177 sending message 105 to peer 0xef9b1b0 (30 bytes)
1758203088.243184 sending message 105 to peer 0xef9b1b0 (24 bytes)
1758203088.243191 sending message 105 to peer 0xef9b1b0 (33 bytes)
1758203088.243198 sending message 106 to peer 0xef9b1b0 (0 bytes)
1758203088.243264 sending message 200 to peer 0xef9b1b0 (4 bytes)
1758203088.243273 client loop enter
1758203088.247533 peer 0xef9b1b0 message 207
1758203088.247549 sending message 208 to peer 0xef9b1b0 (0 bytes)
1758203089.553139 peer 0xef9b1b0 message 203
1758203089.553178 sending message 205 to peer 0xef9b1b0 (0 bytes)
1758203089.553954 peer 0xef9b1b0 message 204
1758203089.553972 client loop exit
